<?xml version="1.0" encoding="UTF-8"?>
<!-- Generated by org.testng.reporters.JUnitReportReporter -->
<testsuite name="getRequest.GetData" tests="1" time="3.044" ignored="0" failures="0" timestamp="19 Apr 2018 01:46:34 GMT" skipped="0" hostname="LAPTOP-HE10OT5B" errors="0">
  <testcase name="testResponse" time="3.044" classname="getRequest.GetData"/>
</testsuite> <!-- getRequest.GetData -->
